Nov-06 12:46:15.606 [main] DEBUG nextflow.cli.Launcher - $> nextflow run nf-core/mag -r 2.5.0 -profile docker --input sheet.csv --outdir hey --max-memory 20
Nov-06 12:46:15.782 [main] INFO  nextflow.cli.CmdRun - N E X T F L O W  ~  version 23.10.0
Nov-06 12:46:15.818 [main] DEBUG nextflow.plugin.PluginsFacade - Setting up plugin manager > mode=prod; embedded=false; plugins-dir=/home/bio/.nextflow/plugins; core-plugins: nf-amazon@2.1.4,nf-azure@1.3.2,nf-cloudcache@0.3.0,nf-codecommit@0.1.5,nf-console@1.0.6,nf-ga4gh@1.1.0,nf-google@1.8.3,nf-tower@1.6.3,nf-wave@1.0.0
Nov-06 12:46:15.836 [main] INFO  o.pf4j.DefaultPluginStatusProvider - Enabled plugins: []
Nov-06 12:46:15.837 [main] INFO  o.pf4j.DefaultPluginStatusProvider - Disabled plugins: []
Nov-06 12:46:15.843 [main] INFO  org.pf4j.DefaultPluginManager - PF4J version 3.4.1 in 'deployment' mode
Nov-06 12:46:15.863 [main] INFO  org.pf4j.AbstractPluginManager - No plugins
Nov-06 12:46:15.890 [main] DEBUG nextflow.scm.ProviderConfig - Using SCM config path: /home/bio/.nextflow/scm
Nov-06 12:46:17.785 [main] DEBUG nextflow.scm.AssetManager - Git config: /home/bio/.nextflow/assets/nf-core/mag/.git/config; branch: master; remote: origin; url: https://github.com/nf-core/mag.git
Nov-06 12:46:17.817 [main] DEBUG nextflow.scm.RepositoryFactory - Found Git repository result: [RepositoryFactory]
Nov-06 12:46:17.831 [main] DEBUG nextflow.scm.AssetManager - Git config: /home/bio/.nextflow/assets/nf-core/mag/.git/config; branch: master; remote: origin; url: https://github.com/nf-core/mag.git
Nov-06 12:46:19.533 [main] DEBUG nextflow.config.ConfigBuilder - Found config base: /home/bio/.nextflow/assets/nf-core/mag/nextflow.config
Nov-06 12:46:19.534 [main] DEBUG nextflow.config.ConfigBuilder - Parsing config file: /home/bio/.nextflow/assets/nf-core/mag/nextflow.config
Nov-06 12:46:19.553 [main] DEBUG nextflow.config.ConfigBuilder - Applying config profile: `docker`
Nov-06 12:46:22.961 [main] DEBUG nextflow.config.ConfigBuilder - Available config profiles: [cfc_dev, ifb_core, denbi_qbic, alice, mjolnir_globe, uppmax, test_binning_entry, incliva, uge, rosalind_uge, test_nothing, lugh, unibe_ibu, vai, czbiohub_aws, jax, ccga_med, scw, tigem, tubingen_apg, google, apollo, ipop_up, pdc_kth, googlels, eddie, medair, test_host_rm, biowulf, apptainer, bi, bigpurple, adcra, cedars, pawsey_setonix, vsc_kul_uhasselt, pawsey_nimbus, ucl_myriad, utd_ganymede, charliecloud, icr_davros, test_ancient_dna, ceres, munin, arm, rosalind, test_binrefinement, hasta, cfc, uzh, test_hybrid_host_rm, test_busco_auto, ebi_codon_slurm, ebc, ku_sund_dangpu, ccga_dx, test_hybrid, crick, marvin, biohpc_gen, shifter, mana, mamba, unc_lccc, wehi, awsbatch, wustl_htcf, imperial, maestro, software_license, genotoul, nci_gadi, test_no_clipping, abims, janelia, nu_genomics, googlebatch, oist, sahmri, mpcdf, leicester, vsc_ugent, sage, cambridge, podman, ebi_codon, cheaha, xanadu, test, computerome, ucd_sonic, seg_globe, sanger, dkfz, pasteur, ethz_euler, test_full, imb, tuos_stanage, azurebatch, hki, test_adapterremoval, crukmi, docker, engaging, gis, hypatia, psmn, eva, test_virus_identification, fgcz, conda, crg, singularity, uw_hyak_pedslabs, prince, utd_sysbio, debug, genouest, cbe, test_bbnorm, phoenix, gitpod, seawulf, uod_hpc, fub_curta, uct_hpc, aws_tower, binac]
Nov-06 12:46:23.050 [main] DEBUG nextflow.cli.CmdRun - Applied DSL=2 from script declararion
Nov-06 12:46:23.051 [main] INFO  nextflow.cli.CmdRun - Launching `https://github.com/nf-core/mag` [exotic_lovelace] DSL2 - revision: ba72349594 [2.5.0]
Nov-06 12:46:23.053 [main] DEBUG nextflow.plugin.PluginsFacade - Plugins declared=[nf-validation]
Nov-06 12:46:23.053 [main] DEBUG nextflow.plugin.PluginsFacade - Plugins default=[]
Nov-06 12:46:23.054 [main] DEBUG nextflow.plugin.PluginsFacade - Plugins resolved requirement=[nf-validation]
Nov-06 12:46:23.054 [main] DEBUG nextflow.plugin.PluginUpdater - Installing plugin nf-validation version: latest
Nov-06 12:46:23.620 [main] INFO  org.pf4j.AbstractPluginManager - Plugin 'nf-validation@1.1.1' resolved
Nov-06 12:46:23.621 [main] INFO  org.pf4j.AbstractPluginManager - Start plugin 'nf-validation@1.1.1'
Nov-06 12:46:23.636 [main] DEBUG nextflow.plugin.BasePlugin - Plugin started nf-validation@1.1.1
Nov-06 12:46:23.648 [main] DEBUG n.secret.LocalSecretsProvider - Secrets store: /home/bio/.nextflow/secrets/store.json
Nov-06 12:46:23.655 [main] DEBUG nextflow.secret.SecretsLoader - Discovered secrets providers: [nextflow.secret.LocalSecretsProvider@59f7c106] - activable => nextflow.secret.LocalSecretsProvider@59f7c106
Nov-06 12:46:23.762 [main] DEBUG nextflow.Session - Session UUID: dd17404e-f2e5-4e86-a97a-b9478d08bafb
Nov-06 12:46:23.763 [main] DEBUG nextflow.Session - Run name: exotic_lovelace
Nov-06 12:46:23.764 [main] DEBUG nextflow.Session - Executor pool size: 8
Nov-06 12:46:23.776 [main] DEBUG nextflow.file.FilePorter - File porter settings maxRetries=3; maxTransfers=50; pollTimeout=null
Nov-06 12:46:23.782 [main] DEBUG nextflow.util.ThreadPoolBuilder - Creating thread pool 'FileTransfer' minSize=10; maxSize=24; workQueue=LinkedBlockingQueue[10000]; allowCoreThreadTimeout=false
Nov-06 12:46:23.815 [main] DEBUG nextflow.cli.CmdRun - 
  Version: 23.10.0 build 5889
  Created: 15-10-2023 15:07 UTC (20:07 UZST)
  System: Linux 6.2.0-35-generic
  Runtime: Groovy 3.0.19 on Java HotSpot(TM) 64-Bit Server VM 17.0.8+9-LTS-211
  Encoding: UTF-8 (UTF-8)
  Process: 9964@bio [127.0.1.1]
  CPUs: 8 - Mem: 15.3 GB (8.9 GB) - Swap: 2 GB (2 GB)
Nov-06 12:46:23.835 [main] DEBUG nextflow.Session - Work-dir: /home/bio/projects/metagenomics/work [ext2/ext3]
Nov-06 12:46:23.865 [main] DEBUG nextflow.executor.ExecutorFactory - Extension executors providers=[]
Nov-06 12:46:23.883 [main] DEBUG nextflow.Session - Observer factory: DefaultObserverFactory
Nov-06 12:46:24.059 [main] DEBUG nextflow.cache.CacheFactory - Using Nextflow cache factory: nextflow.cache.DefaultCacheFactory
Nov-06 12:46:24.082 [main] DEBUG nextflow.util.CustomThreadPool - Creating default thread pool > poolSize: 9; maxThreads: 1000
Nov-06 12:46:24.240 [main] DEBUG nextflow.Session - Session start
Nov-06 12:46:24.250 [main] DEBUG nextflow.trace.TraceFileObserver - Workflow started -- trace file: /home/bio/projects/metagenomics/hey/pipeline_info/execution_trace_2023-11-06_12-46-22.txt
Nov-06 12:46:24.272 [main] DEBUG nextflow.Session - Using default localLib path: /home/bio/.nextflow/assets/nf-core/mag/lib
Nov-06 12:46:24.279 [main] DEBUG nextflow.Session - Adding to the classpath library: /home/bio/.nextflow/assets/nf-core/mag/lib
Nov-06 12:46:24.280 [main] DEBUG nextflow.Session - Adding to the classpath library: /home/bio/.nextflow/assets/nf-core/mag/lib/nfcore_external_java_deps.jar
Nov-06 12:46:25.199 [main] DEBUG nextflow.script.ScriptRunner - > Launching execution
Nov-06 12:46:25.225 [main] DEBUG nextflow.script.IncludeDef - Loading included plugin extensions with names: [validateParameters:validateParameters, paramsHelp:paramsHelp]; plugin Id: nf-validation
Nov-06 12:46:25.263 [main] DEBUG nextflow.validation.SchemaValidator - Starting parameters validation
Nov-06 12:46:25.529 [main] WARN  nextflow.validation.SchemaValidator - The following invalid input values have been detected:

* --max-memory: 20
* --maxMemory: 20


Nov-06 12:46:25.547 [main] DEBUG n.validation.DirectoryPathValidator - S3 paths are not supported by 'DirectoryPathValidator': 's3://ngi-igenomes/igenomes'
Nov-06 12:46:25.551 [main] ERROR nextflow.validation.SchemaValidator - ERROR: Validation of pipeline parameters failed!
Nov-06 12:46:25.558 [main] DEBUG nextflow.script.ScriptRunner - Parsed script files:
  Script_e05f7b559c23483d: /home/bio/.nextflow/assets/nf-core/mag/main.nf
Nov-06 12:46:25.558 [main] DEBUG nextflow.Session - Session aborted -- Cause: [0;31mThe following invalid input values have been detected:

* --input: the file or directory 'sheet.csv' does not exist.
[0m

Nov-06 12:46:25.569 [main] DEBUG nextflow.cli.Launcher - Operation aborted
nextflow.validation.SchemaValidationException: [0;31mThe following invalid input values have been detected:

* --input: the file or directory 'sheet.csv' does not exist.
[0m

	at nextflow.validation.SchemaValidator.validateParameters(SchemaValidator.groovy:392)
	at nextflow.validation.SchemaValidator.validateParameters(SchemaValidator.groovy)
	at java.base/jdk.internal.reflect.NativeMethodAccessorImpl.invoke0(Native Method)
	at java.base/jdk.internal.reflect.NativeMethodAccessorImpl.invoke(NativeMethodAccessorImpl.java:77)
	at java.base/jdk.internal.reflect.DelegatingMethodAccessorImpl.invoke(DelegatingMethodAccessorImpl.java:43)
	at java.base/java.lang.reflect.Method.invoke(Method.java:568)
	at nextflow.script.FunctionDef.invoke_a(FunctionDef.groovy:64)
	at nextflow.script.ComponentDef.invoke_o(ComponentDef.groovy:40)
	at nextflow.script.WorkflowBinding.invokeMethod(WorkflowBinding.groovy:102)
	at groovy.lang.GroovyObject$invokeMethod.call(Unknown Source)
	at org.codehaus.groovy.runtime.callsite.CallSiteArray.defaultCall(CallSiteArray.java:47)
	at org.codehaus.groovy.runtime.callsite.AbstractCallSite.call(AbstractCallSite.java:125)
	at org.codehaus.groovy.runtime.callsite.AbstractCallSite.call(AbstractCallSite.java:148)
	at nextflow.script.BaseScript.invokeMethod(BaseScript.groovy:140)
	at org.codehaus.groovy.runtime.callsite.PogoMetaClassSite.callCurrent(PogoMetaClassSite.java:68)
	at org.codehaus.groovy.runtime.callsite.CallSiteArray.defaultCallCurrent(CallSiteArray.java:51)
	at org.codehaus.groovy.runtime.callsite.AbstractCallSite.callCurrent(AbstractCallSite.java:171)
	at org.codehaus.groovy.runtime.callsite.AbstractCallSite.callCurrent(AbstractCallSite.java:176)
	at Script_e05f7b559c23483d.runScript(Script_e05f7b559c23483d:44)
	at nextflow.script.BaseScript.run0(BaseScript.groovy:144)
	at nextflow.script.BaseScript.run(BaseScript.groovy:192)
	at nextflow.script.ScriptParser.runScript(ScriptParser.groovy:236)
	at nextflow.script.ScriptRunner.run(ScriptRunner.groovy:242)
	at nextflow.script.ScriptRunner.execute(ScriptRunner.groovy:137)
	at nextflow.cli.CmdRun.run(CmdRun.groovy:372)
	at nextflow.cli.Launcher.run(Launcher.groovy:499)
	at nextflow.cli.Launcher.main(Launcher.groovy:670)
